# JRE version: OpenJDK Runtime Environment (8.0_152-b01) (build 1.8.0_152-release-1024-b01)
# Java VM: OpenJDK 64-Bit Server VM (25.152-b01 mixed mode linux-amd64 compressed oops)
Heap:
 PSYoungGen      total 270336K, used 20449K [0x00000000e0000000, 0x00000000f1c00000, 0x0000000100000000)
  eden space 249856K, 0% used [0x00000000e0000000,0x00000000e0000000,0x00000000ef400000)
  from space 20480K, 99% used [0x00000000ef400000,0x00000000f07f8660,0x00000000f0800000)
  to   space 20480K, 0% used [0x00000000f0800000,0x00000000f0800000,0x00000000f1c00000)
 ParOldGen       total 117760K, used 70462K [0x00000000a0000000, 0x00000000a7300000, 0x00000000e0000000)
  object space 117760K, 59% used [0x00000000a0000000,0x00000000a44cfb68,0x00000000a7300000)
 Metaspace       used 63226K, capacity 65030K, committed 65112K, reserved 1105920K
  class space    used 8306K, capacity 8804K, committed 8832K, reserved 1048576K
GC Heap History (10 events):
Event: 8,108 GC heap after
Heap after GC invocations=11 (full 2):
 PSYoungGen      total 139264K, used 12262K [0x00000000e0000000, 0x00000000ece80000, 0x0000000100000000)
  eden space 126976K, 0% used [0x00000000e0000000,0x00000000e0000000,0x00000000e7c00000)
  from space 12288K, 99% used [0x00000000e7c00000,0x00000000e87f9818,0x00000000e8800000)
  to   space 14336K, 0% used [0x00000000ec080000,0x00000000ec080000,0x00000000ece80000)
 ParOldGen       total 79872K, used 15154K [0x00000000a0000000, 0x00000000a4e00000, 0x00000000e0000000)
  object space 79872K, 18% used [0x00000000a0000000,0x00000000a0ecca10,0x00000000a4e00000)
 Metaspace       used 42651K, capacity 43558K, committed 43864K, reserved 1087488K
  class space    used 5892K, capacity 6170K, committed 6272K, reserved 1048576K
}
Event: 9,676 GC heap before
{Heap before GC invocations=12 (full 2):
 PSYoungGen      total 139264K, used 139238K [0x00000000e0000000, 0x00000000ece80000, 0x0000000100000000)
  eden space 126976K, 100% used [0x00000000e0000000,0x00000000e7c00000,0x00000000e7c00000)
  from space 12288K, 99% used [0x00000000e7c00000,0x00000000e87f9818,0x00000000e8800000)
  to   space 14336K, 0% used [0x00000000ec080000,0x00000000ec080000,0x00000000ece80000)
 ParOldGen       total 79872K, used 15154K [0x00000000a0000000, 0x00000000a4e00000, 0x00000000e0000000)
  object space 79872K, 18% used [0x00000000a0000000,0x00000000a0ecca10,0x00000000a4e00000)
 Metaspace       used 51038K, capacity 52618K, committed 52696K, reserved 1095680K
  class space    used 6985K, capacity 7372K, committed 7424K, reserved 1048576K
Event: 9,721 GC heap after
Heap after GC invocations=12 (full 2):
 PSYoungGen      total 194048K, used 14315K [0x00000000e0000000, 0x00000000ed200000, 0x0000000100000000)
  eden space 179712K, 0% used [0x00000000e0000000,0x00000000e0000000,0x00000000eaf80000)
  from space 14336K, 99% used [0x00000000ec080000,0x00000000ece7ac70,0x00000000ece80000)
  to   space 17408K, 0% used [0x00000000eaf80000,0x00000000eaf80000,0x00000000ec080000)
 ParOldGen       total 79872K, used 19393K [0x00000000a0000000, 0x00000000a4e00000, 0x00000000e0000000)
  object space 79872K, 24% used [0x00000000a0000000,0x00000000a12f04a0,0x00000000a4e00000)
 Metaspace       used 51038K, capacity 52618K, committed 52696K, reserved 1095680K
  class space    used 6985K, capacity 7372K, committed 7424K, reserved 1048576K
}
Event: 13,103 GC heap before
{Heap before GC invocations=13 (full 2):
 PSYoungGen      total 194048K, used 194027K [0x00000000e0000000, 0x00000000ed200000, 0x0000000100000000)
  eden space 179712K, 100% used [0x00000000e0000000,0x00000000eaf80000,0x00000000eaf80000)
  from space 14336K, 99% used [0x00000000ec080000,0x00000000ece7ac70,0x00000000ece80000)
  to   space 17408K, 0% used [0x00000000eaf80000,0x00000000eaf80000,0x00000000ec080000)
 ParOldGen       total 79872K, used 19393K [0x00000000a0000000, 0x00000000a4e00000, 0x00000000e0000000)
  object space 79872K, 24% used [0x00000000a0000000,0x00000000a12f04a0,0x00000000a4e00000)
 Metaspace       used 55946K, capacity 57682K, committed 57944K, reserved 1099776K
  class space    used 7541K, capacity 7954K, committed 8064K, reserved 1048576K
Event: 13,132 GC heap after
Heap after GC invocations=13 (full 2):
 PSYoungGen      total 197120K, used 17389K [0x00000000e0000000, 0x00000000f1c80000, 0x0000000100000000)
  eden space 179712K, 0% used [0x00000000e0000000,0x00000000e0000000,0x00000000eaf80000)
  from space 17408K, 99% used [0x00000000eaf80000,0x00000000ec07b550,0x00000000ec080000)
  to   space 20992K, 0% used [0x00000000f0800000,0x00000000f0800000,0x00000000f1c80000)
 ParOldGen       total 79872K, used 23467K [0x00000000a0000000, 0x00000000a4e00000, 0x00000000e0000000)
  object space 79872K, 29% used [0x00000000a0000000,0x00000000a16ead10,0x00000000a4e00000)
 Metaspace       used 55946K, capacity 57682K, committed 57944K, reserved 1099776K
  class space    used 7541K, capacity 7954K, committed 8064K, reserved 1048576K
}
Event: 13,628 GC heap before
{Heap before GC invocations=14 (full 2):
 PSYoungGen      total 197120K, used 48632K [0x00000000e0000000, 0x00000000f1c80000, 0x0000000100000000)
  eden space 179712K, 17% used [0x00000000e0000000,0x00000000e1e82e20,0x00000000eaf80000)
  from space 17408K, 99% used [0x00000000eaf80000,0x00000000ec07b550,0x00000000ec080000)
  to   space 20992K, 0% used [0x00000000f0800000,0x00000000f0800000,0x00000000f1c80000)
 ParOldGen       total 79872K, used 23467K [0x00000000a0000000, 0x00000000a4e00000, 0x00000000e0000000)
  object space 79872K, 29% used [0x00000000a0000000,0x00000000a16ead10,0x00000000a4e00000)
 Metaspace       used 57223K, capacity 58934K, committed 59028K, reserved 1099776K
  class space    used 7730K, capacity 8156K, committed 8192K, reserved 1048576K
Event: 13,652 GC heap after
Heap after GC invocations=14 (full 2):
 PSYoungGen      total 270336K, used 7024K [0x00000000e0000000, 0x00000000f1c00000, 0x0000000100000000)
  eden space 249856K, 0% used [0x00000000e0000000,0x00000000e0000000,0x00000000ef400000)
  from space 20480K, 34% used [0x00000000f0800000,0x00000000f0edc060,0x00000000f1c00000)
  to   space 20480K, 0% used [0x00000000ef400000,0x00000000ef400000,0x00000000f0800000)
 ParOldGen       total 79872K, used 35360K [0x00000000a0000000, 0x00000000a4e00000, 0x00000000e0000000)
  object space 79872K, 44% used [0x00000000a0000000,0x00000000a22883f0,0x00000000a4e00000)
 Metaspace       used 57223K, capacity 58934K, committed 59028K, reserved 1099776K
  class space    used 7730K, capacity 8156K, committed 8192K, reserved 1048576K
}
Event: 13,652 GC heap before
{Heap before GC invocations=15 (full 3):
 PSYoungGen      total 270336K, used 7024K [0x00000000e0000000, 0x00000000f1c00000, 0x0000000100000000)
  eden space 249856K, 0% used [0x00000000e0000000,0x00000000e0000000,0x00000000ef400000)
  from space 20480K, 34% used [0x00000000f0800000,0x00000000f0edc060,0x00000000f1c00000)
  to   space 20480K, 0% used [0x00000000ef400000,0x00000000ef400000,0x00000000f0800000)
 ParOldGen       total 79872K, used 35360K [0x00000000a0000000, 0x00000000a4e00000, 0x00000000e0000000)
  object space 79872K, 44% used [0x00000000a0000000,0x00000000a22883f0,0x00000000a4e00000)
 Metaspace       used 57223K, capacity 58934K, committed 59028K, reserved 1099776K
  class space    used 7730K, capacity 8156K, committed 8192K, reserved 1048576K
Event: 13,887 GC heap after
Heap after GC invocations=15 (full 3):
 PSYoungGen      total 270336K, used 0K [0x00000000e0000000, 0x00000000f1c00000, 0x0000000100000000)
  eden space 249856K, 0% used [0x00000000e0000000,0x00000000e0000000,0x00000000ef400000)
  from space 20480K, 0% used [0x00000000f0800000,0x00000000f0800000,0x00000000f1c00000)
  to   space 20480K, 0% used [0x00000000ef400000,0x00000000ef400000,0x00000000f0800000)
 ParOldGen       total 117760K, used 32480K [0x00000000a0000000, 0x00000000a7300000, 0x00000000e0000000)
  object space 117760K, 27% used [0x00000000a0000000,0x00000000a1fb80b8,0x00000000a7300000)
 Metaspace       used 57223K, capacity 58934K, committed 59028K, reserved 1099776K
  class space    used 7730K, capacity 8156K, committed 8192K, reserved 1048576K
}
Event: 16,949 GC heap before
{Heap before GC invocations=16 (full 3):
 PSYoungGen      total 270336K, used 249856K [0x00000000e0000000, 0x00000000f1c00000, 0x0000000100000000)
  eden space 249856K, 100% used [0x00000000e0000000,0x00000000ef400000,0x00000000ef400000)
  from space 20480K, 0% used [0x00000000f0800000,0x00000000f0800000,0x00000000f1c00000)
  to   space 20480K, 0% used [0x00000000ef400000,0x00000000ef400000,0x00000000f0800000)
 ParOldGen       total 117760K, used 32480K [0x00000000a0000000, 0x00000000a7300000, 0x00000000e0000000)
  object space 117760K, 27% used [0x00000000a0000000,0x00000000a1fb80b8,0x00000000a7300000)
 Metaspace       used 63226K, capacity 65030K, committed 65112K, reserved 1105920K
  class space    used 8306K, capacity 8804K, committed 8832K, reserved 1048576K

